 Container terminal-db-1 Recreate 
 Container terminal-db-1 Recreated 
 Container terminal-api-1 Recreate 
 Container terminal-api-1 Recreated 
 Container terminal-web-1 Recreate 
 Container terminal-web-1 Recreated 
 Container terminal-db-1 Starting 
 Container terminal-db-1 Started 
 Container terminal-db-1 Waiting 
 Container terminal-db-1 Healthy 
 Container terminal-api-1 Starting 
 Container terminal-api-1 Started 
 Container terminal-web-1 Starting 
 Container terminal-web-1 Started 
 Container terminal-db-1 Running 
 Container terminal-api-1 Running 
 Container terminal-web-1 Running 
 Container terminal-db-1 Waiting 
 Container terminal-db-1 Healthy 
 Container terminal-db-1 Running 
 Container terminal-api-1 Running 
 Container terminal-web-1 Running 
 Container terminal-db-1 Waiting 
 Container terminal-db-1 Healthy 
